<?xml version="1.0" encoding="UTF-8"?>
<testng-results ignored="0" total="1" passed="1" failed="0" skipped="0">
  <reporter-output>
  </reporter-output>
  <suite started-at="2024-06-27T22:02:17 IST" name="Default suite" finished-at="2024-06-27T22:02:23 IST" duration-ms="5080">
    <groups>
    </groups>
    <test started-at="2024-06-27T22:02:17 IST" name="Default test" finished-at="2024-06-27T22:02:23 IST" duration-ms="5080">
      <class name="testdemo">
        <test-method signature="launchapp()[pri:0, instance:testdemo@368f2016]" started-at="2024-06-27T22:02:18 IST" name="launchapp" finished-at="2024-06-27T22:02:23 IST" duration-ms="5019" status="PASS">
          <reporter-output>
          </reporter-output>
        </test-method> <!-- launchapp -->
      </class> <!-- testdemo -->
    </test> <!-- Default test -->
  </suite> <!-- Default suite -->
</testng-results>
